<?xml version="1.0" encoding="UTF-8"?>
<testng-results ignored="0" total="1" passed="1" failed="0" skipped="0">
  <reporter-output>
    <line>
      <![CDATA[Test Started]]>
    </line>
    <line>
      <![CDATA[Test Success]]>
    </line>
  </reporter-output>
  <suite started-at="2023-10-18T14:32:12 IST" name="Default suite" finished-at="2023-10-18T14:32:30 IST" duration-ms="18260">
    <groups>
    </groups>
    <test started-at="2023-10-18T14:32:12 IST" name="Default test" finished-at="2023-10-18T14:32:30 IST" duration-ms="18260">
      <class name="testng_assignment_112_and_113.Test_Case">
        <test-method signature="scenario2()[pri:0, instance:testng_assignment_112_and_113.Test_Case@2767e23c]" started-at="2023-10-18T14:32:12 IST" name="scenario2" finished-at="2023-10-18T14:32:30 IST" duration-ms="18133" status="PASS">
          <reporter-output>
            <line>
              <![CDATA[Test Started]]>
            </line>
            <line>
              <![CDATA[Test Success]]>
            </line>
          </reporter-output>
        </test-method> <!-- scenario2 -->
      </class> <!-- testng_assignment_112_and_113.Test_Case -->
    </test> <!-- Default test -->
  </suite> <!-- Default suite -->
</testng-results>
